0 info it worked if it ends with ok
1 verbose cli [ '/usr/local/bin/node', '/usr/local/bin/npm', 'unpublish', '-f' ]
2 info using npm@3.3.12
3 info using node@v5.4.1
4 warn using --force I sure hope you know what you are doing.
5 silly unpublish args[0] undefined
6 silly unpublish thing {}
7 verbose unpublish { name: '3DViewerComponent',
7 verbose unpublish   version: '1.0.0',
7 verbose unpublish   description: 'ThreeD Viewer Component =====================',
7 verbose unpublish   main: 'Gruntfile.js',
7 verbose unpublish   dependencies: { grunt: '^0.4.5' },
7 verbose unpublish   devDependencies:
7 verbose unpublish    { 'babel-preset-es2015': '^6.5.0',
7 verbose unpublish      'connect-modrewrite': '^0.8.5',
7 verbose unpublish      'grunt-babel': '^6.0.0',
7 verbose unpublish      'grunt-contrib-clean': '^1.0.0',
7 verbose unpublish      'grunt-contrib-concat': '^1.0.0',
7 verbose unpublish      'grunt-contrib-connect': '^0.11.2',
7 verbose unpublish      'grunt-contrib-copy': '^0.8.2',
7 verbose unpublish      'grunt-contrib-cssmin': '^0.14.0',
7 verbose unpublish      'grunt-contrib-htmlmin': '^0.6.0',
7 verbose unpublish      'grunt-contrib-uglify': '^0.11.1',
7 verbose unpublish      'grunt-contrib-watch': '^0.6.1',
7 verbose unpublish      'grunt-inline': '^0.3.6',
7 verbose unpublish      'grunt-usemin': '^3.1.1',
7 verbose unpublish      'grunt-vulcanize': '^1.0.0',
7 verbose unpublish      'load-grunt-tasks': '^3.4.0' },
7 verbose unpublish   author: '',
7 verbose unpublish   license: 'MIT',
7 verbose unpublish   readme: '\nThreeD Viewer Component\n=====================\n\nThis is a 3D viewer web component that presents a model, currently based on 2 parameters:\n\n* Previews - An array of objects, each consisting of two properties:\n \t1. file_type: "obj"/"stl"\n \t2. file_url: can be an absolute URL (for an S3 bucket for instance), or a relative path\n* Color (optional) - If not provided, a value of #F18D05 will be used\n\n### Demo\n\nYou can find a demo page [here.](http://codepen.io/OmriAharon/pen/XKVXKk)\n\n### Installation\n\n\t\tbower install --save 3DViewerComponent\n\nThen add these 2 lines at your HTML file:\n\n        <script src="bower_components/webcomponentsjs/webcomponents-lite.js"></script>\n        <link rel="import" href="bower_components/3DViewerComponent/dist/three-d-viewer.html">\n\nFrom here you just use the tag itself with the parameters, e.g.:\n\n        <three-d-viewer color="ff0000" \n                        previews=\'[{"file_type": "stl", "file_url": "bower_components/3DViewerComponent/samples/Camel.stl"}]\'>\n        </three-d-viewer>\n\nIf you\'re running as a new project or a blank new HTML page and don\'t have your styling, add this CSS for styling just to see how it looks:\n\n        <style>\n            html, body {\n                width: 100%;\n                height: 100%;\n                overflow: hidden;\n            }\n        </style>\n\n    ',
7 verbose unpublish   readmeFilename: 'README.md',
7 verbose unpublish   gitHead: '841722d156ee8031ce2ab5435996e8a7a1169e1d',
7 verbose unpublish   _id: '3DViewerComponent@1.0.0' }
8 verbose getPublishConfig undefined
9 silly ls normalized 3DViewerComponent/1.0.0
10 silly gentlyRm /Users/omriaharon/.npm/3DViewerComponent/1.0.0 is being purged
11 verbose gentlyRm don't care about contents; nuking /Users/omriaharon/.npm/3DViewerComponent/1.0.0
12 silly vacuum-fs purging /Users/omriaharon/.npm/3DViewerComponent/1.0.0
13 silly vacuum-fs removing /Users/omriaharon/.npm/3DViewerComponent
14 silly vacuum-fs quitting because other entries in /Users/omriaharon/.npm
15 silly mapToRegistry name 3DViewerComponent
16 silly mapToRegistry using default registry
17 silly mapToRegistry registry https://registry.npmjs.org/
18 silly mapToRegistry uri https://registry.npmjs.org/3DViewerComponent
19 verbose get GET as part of write; not caching result
20 verbose request uri https://registry.npmjs.org/3DViewerComponent?write=true
21 verbose request no auth needed
22 info attempt registry request try #1 at 9:50:57 AM
23 verbose request using bearer token for auth
24 verbose request id 47c30681a72bc800
25 http request GET https://registry.npmjs.org/3DViewerComponent?write=true
26 http 200 https://registry.npmjs.org/3DViewerComponent?write=true
27 verbose headers { server: 'CouchDB/1.5.0 (Erlang OTP/R16B03)',
27 verbose headers   etag: '"37W4ROKE29S59WCGDCAYJU7RS"',
27 verbose headers   'content-type': 'application/json',
27 verbose headers   'content-encoding': 'gzip',
27 verbose headers   'cache-control': 'max-age=0',
27 verbose headers   'transfer-encoding': 'chunked',
27 verbose headers   'accept-ranges': 'bytes',
27 verbose headers   date: 'Sat, 16 Jul 2016 06:51:05 GMT',
27 verbose headers   via: '1.1 varnish',
27 verbose headers   connection: 'keep-alive',
27 verbose headers   'x-served-by': 'cache-fra1229-FRA',
27 verbose headers   'x-cache': 'MISS',
27 verbose headers   'x-cache-hits': '0',
27 verbose headers   'x-timer': 'S1468651865.410557,VS0,VE408',
27 verbose headers   vary: 'Accept-Encoding' }
28 silly get cb [ 200,
28 silly get   { server: 'CouchDB/1.5.0 (Erlang OTP/R16B03)',
28 silly get     etag: '"37W4ROKE29S59WCGDCAYJU7RS"',
28 silly get     'content-type': 'application/json',
28 silly get     'content-encoding': 'gzip',
28 silly get     'cache-control': 'max-age=0',
28 silly get     'transfer-encoding': 'chunked',
28 silly get     'accept-ranges': 'bytes',
28 silly get     date: 'Sat, 16 Jul 2016 06:51:05 GMT',
28 silly get     via: '1.1 varnish',
28 silly get     connection: 'keep-alive',
28 silly get     'x-served-by': 'cache-fra1229-FRA',
28 silly get     'x-cache': 'MISS',
28 silly get     'x-cache-hits': '0',
28 silly get     'x-timer': 'S1468651865.410557,VS0,VE408',
28 silly get     vary: 'Accept-Encoding' } ]
29 verbose get saving 3DViewerComponent to /Users/omriaharon/.npm/registry.npmjs.org/3DViewerComponent_3Fwrite_3Dtrue/.cache.json
30 verbose unpublish removing attachments { shasum: '8255adacfb10dac40d7ba5d5bd010c9ad3e2276b',
30 verbose unpublish   tarball: 'http://registry.npmjs.org/3DViewerComponent/-/3DViewerComponent-1.0.0.tgz' }
31 info unpublish No versions remain, removing entire package
32 verbose request uri https://registry.npmjs.org/3DViewerComponent/-rev/1-d044e85eebd4761da27274e71e83898f
33 verbose request sending authorization for write operation
34 info attempt registry request try #1 at 9:51:11 AM
35 verbose request using bearer token for auth
36 http request DELETE https://registry.npmjs.org/3DViewerComponent/-rev/1-d044e85eebd4761da27274e71e83898f
37 http 400 https://registry.npmjs.org/3DViewerComponent/-rev/1-d044e85eebd4761da27274e71e83898f
38 verbose headers { 'content-type': 'application/json',
38 verbose headers   'cache-control': 'max-age=300',
38 verbose headers   'content-length': '17',
38 verbose headers   'accept-ranges': 'bytes',
38 verbose headers   date: 'Sat, 16 Jul 2016 06:51:07 GMT',
38 verbose headers   via: '1.1 varnish',
38 verbose headers   connection: 'keep-alive',
38 verbose headers   'x-served-by': 'cache-fra1228-FRA',
38 verbose headers   'x-cache': 'MISS',
38 verbose headers   'x-cache-hits': '0',
38 verbose headers   'x-timer': 'S1468651866.114883,VS0,VE1354',
38 verbose headers   vary: 'Accept-Encoding' }
39 verbose request invalidating /Users/omriaharon/.npm/registry.npmjs.org/3DViewerComponent on DELETE
40 verbose stack Error: Registry returned 400 for DELETE on https://registry.npmjs.org/3DViewerComponent/-rev/1-d044e85eebd4761da27274e71e83898f
40 verbose stack     at makeError (/usr/local/lib/node_modules/npm/node_modules/npm-registry-client/lib/request.js:264:12)
40 verbose stack     at CachingRegistryClient.<anonymous> (/usr/local/lib/node_modules/npm/node_modules/npm-registry-client/lib/request.js:242:14)
40 verbose stack     at Request._callback (/usr/local/lib/node_modules/npm/node_modules/npm-registry-client/lib/request.js:172:14)
40 verbose stack     at Request.self.callback (/usr/local/lib/node_modules/npm/node_modules/request/request.js:198:22)
40 verbose stack     at emitTwo (events.js:87:13)
40 verbose stack     at Request.emit (events.js:172:7)
40 verbose stack     at Request.<anonymous> (/usr/local/lib/node_modules/npm/node_modules/request/request.js:1082:10)
40 verbose stack     at emitOne (events.js:82:20)
40 verbose stack     at Request.emit (events.js:169:7)
40 verbose stack     at IncomingMessage.<anonymous> (/usr/local/lib/node_modules/npm/node_modules/request/request.js:1009:12)
41 verbose statusCode 400
42 verbose pkgid 3DViewerComponent
43 verbose cwd /Users/omriaharon/WebstormProjects/3DViewerComponent
44 error Darwin 15.5.0
45 error argv "/usr/local/bin/node" "/usr/local/bin/npm" "unpublish" "-f"
46 error node v5.4.1
47 error npm  v3.3.12
48 error code E400
49 error Registry returned 400 for DELETE on https://registry.npmjs.org/3DViewerComponent/-rev/1-d044e85eebd4761da27274e71e83898f
50 error If you need help, you may report this error at:
50 error     <https://github.com/npm/npm/issues>
51 verbose exit [ 1, true ]
